SF:lib\data\models\episode_model.dart
DA:13,4
DA:22,4
DA:23,2
DA:24,2
DA:25,2
DA:26,2
DA:27,2
DA:28,2
DA:31,2
DA:32,1
DA:33,1
DA:34,1
DA:35,1
DA:36,1
DA:37,1
DA:40,1
DA:41,1
DA:42,1
DA:43,1
DA:44,1
DA:45,1
DA:46,1
DA:47,1
DA:51,2
DA:52,2
DA:53,2
DA:54,2
DA:55,2
DA:56,2
DA:57,2
DA:58,2
LF:31
LH:31
end_of_record
SF:lib\data\models\tv_series_detail_model.dart
DA:26,3
DA:46,1
DA:47,1
DA:48,1
DA:49,1
DA:50,1
DA:51,4
DA:52,1
DA:53,1
DA:54,1
DA:55,1
DA:56,1
DA:57,2
DA:58,1
DA:59,1
DA:60,1
DA:61,1
DA:62,1
DA:63,2
DA:64,1
DA:65,1
DA:66,4
DA:69,0
DA:70,0
DA:71,0
DA:72,0
DA:73,0
DA:74,0
DA:75,0
DA:76,0
DA:77,0
DA:78,0
DA:79,0
DA:80,0
DA:81,0
DA:82,0
DA:83,0
DA:84,0
DA:85,0
DA:86,0
DA:89,2
DA:90,2
DA:91,2
DA:92,2
DA:93,8
DA:94,2
DA:95,2
DA:96,2
DA:97,2
DA:98,2
DA:99,2
DA:100,2
DA:101,2
DA:102,8
DA:106,1
DA:107,1
DA:108,1
DA:109,1
DA:110,1
DA:111,1
DA:112,1
DA:113,1
DA:114,1
DA:115,1
DA:116,1
DA:117,1
DA:118,1
DA:119,1
DA:120,1
DA:121,1
DA:122,1
DA:123,1
DA:124,1
LF:73
LH:55
end_of_record
SF:lib\data\models\tv_series_model.dart
DA:18,5
DA:32,4
DA:33,2
DA:34,8
DA:35,2
DA:36,2
DA:37,2
DA:38,4
DA:39,2
DA:40,2
DA:41,2
DA:42,4
DA:43,2
DA:46,2
DA:47,1
DA:48,4
DA:49,1
DA:50,1
DA:51,1
DA:52,1
DA:53,1
DA:54,1
DA:55,1
DA:56,1
DA:57,1
DA:60,2
DA:61,2
DA:62,2
DA:63,2
DA:64,2
DA:65,2
DA:66,2
DA:67,2
DA:68,2
DA:69,2
DA:70,2
DA:71,2
DA:72,2
DA:76,2
DA:77,2
DA:78,2
DA:79,2
DA:80,2
DA:81,2
DA:82,2
DA:83,2
DA:84,2
DA:85,2
DA:86,2
DA:87,2
DA:88,2
LF:51
LH:51
end_of_record
SF:lib\data\models\tv_series_table.dart
DA:12,14
DA:19,2
DA:20,1
DA:21,1
DA:22,1
DA:23,1
DA:26,2
DA:27,1
DA:28,1
DA:29,1
DA:30,1
DA:33,0
DA:34,0
DA:35,0
DA:36,0
DA:37,0
DA:40,2
DA:41,1
DA:42,1
DA:43,1
DA:44,1
DA:47,2
DA:48,10
LF:23
LH:18
end_of_record
SF:lib\domain\entities\episode.dart
DA:11,14
DA:20,2
DA:21,2
DA:22,2
DA:23,2
DA:24,2
DA:25,2
DA:26,2
LF:8
LH:8
end_of_record
SF:lib\domain\entities\tv_series.dart
DA:18,1
DA:25,11
DA:39,8
DA:40,8
DA:41,8
DA:42,8
DA:43,8
DA:44,8
DA:45,8
DA:46,8
DA:47,8
DA:48,8
DA:49,8
DA:50,8
DA:51,8
LF:15
LH:15
end_of_record
SF:lib\domain\entities\tv_series_detail.dart
DA:20,15
DA:35,3
DA:36,3
DA:37,3
DA:38,3
DA:39,3
DA:40,3
DA:41,3
DA:42,3
DA:43,3
DA:44,3
DA:45,3
DA:46,3
DA:47,3
DA:48,3
LF:15
LH:15
end_of_record
SF:lib\data\datasources\tv_series_remote_data_source.dart
DA:25,1
DA:27,1
DA:30,4
DA:32,2
DA:33,4
DA:35,1
DA:39,1
DA:42,4
DA:44,2
DA:45,4
DA:47,1
DA:51,1
DA:53,4
DA:55,2
DA:56,3
DA:58,1
DA:62,1
DA:64,1
DA:65,3
DA:67,2
DA:68,4
DA:70,1
DA:74,1
DA:76,1
DA:77,3
DA:79,2
DA:80,4
DA:82,1
DA:86,1
DA:89,4
DA:91,2
DA:92,4
DA:94,1
DA:98,1
DA:101,1
DA:102,3
DA:104,2
DA:105,4
DA:107,0
LF:39
LH:38
end_of_record
SF:lib\data\datasources\tv_series_local_data_source.dart
DA:15,1
DA:17,1
DA:20,2
DA:23,2
DA:27,1
DA:30,2
DA:33,2
DA:37,1
DA:39,2
DA:41,1
DA:47,1
DA:49,2
DA:50,4
LF:13
LH:13
end_of_record
SF:lib\data\models\episode_response.dart
DA:8,3
DA:10,2
DA:11,2
DA:12,2
DA:13,8
DA:16,2
DA:17,5
DA:20,1
DA:21,2
LF:9
LH:9
end_of_record
SF:lib\data\models\tv_series_response.dart
DA:8,3
DA:10,2
DA:11,2
DA:12,4
DA:13,6
DA:14,6
DA:17,2
DA:18,5
DA:21,1
DA:22,2
LF:10
LH:10
end_of_record
SF:lib\data\models\genre_model.dart
DA:6,3
DA:14,2
DA:15,1
DA:16,1
DA:19,0
DA:20,0
DA:21,0
DA:24,2
DA:25,6
DA:28,1
DA:29,3
LF:11
LH:8
end_of_record
SF:lib\domain\entities\genre.dart
DA:4,14
DA:12,3
DA:13,9
LF:3
LH:3
end_of_record
SF:lib\data\models\season_model.dart
DA:11,3
DA:18,2
DA:19,1
DA:20,1
DA:21,1
DA:22,1
DA:25,0
DA:26,0
DA:27,0
DA:28,0
DA:29,0
DA:32,2
DA:33,2
DA:34,2
DA:35,2
DA:36,2
DA:37,2
DA:41,1
DA:42,1
DA:43,1
DA:44,1
DA:45,1
DA:46,1
LF:23
LH:18
end_of_record
SF:lib\domain\entities\season.dart
DA:9,14
DA:16,3
DA:17,3
DA:18,3
DA:19,3
DA:20,3
DA:21,3
LF:7
LH:7
end_of_record
SF:lib\data\repositories\tv_series_repository_impl.dart
DA:18,1
DA:23,1
DA:26,2
DA:27,5
DA:28,1
DA:30,1
DA:32,1
DA:37,1
DA:40,2
DA:41,5
DA:42,1
DA:44,1
DA:46,1
DA:51,1
DA:54,2
DA:55,2
DA:56,1
DA:58,1
DA:60,1
DA:65,1
DA:69,2
DA:70,3
DA:71,1
DA:73,1
DA:75,1
DA:80,1
DA:82,2
DA:83,5
DA:86,1
DA:88,2
DA:92,0
DA:96,0
DA:97,0
DA:98,0
DA:99,0
DA:100,0
DA:104,1
DA:107,1
DA:108,2
DA:109,1
DA:110,0
DA:111,0
DA:117,1
DA:120,2
DA:121,3
DA:122,1
DA:124,1
DA:126,1
DA:131,1
DA:134,2
DA:135,5
DA:136,1
DA:138,1
DA:140,1
DA:145,1
DA:150,2
DA:151,3
DA:152,1
DA:154,1
DA:156,1
LF:60
LH:52
end_of_record
SF:lib\domain\usecases\get_episode_tv_series.dart
DA:10,1
DA:12,1
DA:13,2
LF:3
LH:3
end_of_record
SF:lib\domain\usecases\get_now_playing_tv_series.dart
DA:10,1
DA:12,1
DA:13,2
LF:3
LH:3
end_of_record
SF:lib\domain\usecases\get_popular_tv_series.dart
DA:10,1
DA:12,1
DA:13,2
LF:3
LH:3
end_of_record
SF:lib\domain\usecases\get_top_rated_tv_series.dart
DA:10,1
DA:12,1
DA:13,2
LF:3
LH:3
end_of_record
SF:lib\domain\usecases\get_tv_series_detail.dart
DA:10,1
DA:12,1
DA:13,2
LF:3
LH:3
end_of_record
SF:lib\domain\usecases\get_tv_series_recommendations.dart
DA:10,1
DA:12,1
DA:13,2
LF:3
LH:3
end_of_record
SF:lib\domain\usecases\get_watchlist_tv_series.dart
DA:10,1
DA:12,1
DA:13,2
LF:3
LH:3
end_of_record
SF:lib\domain\usecases\get_watchlist_tv_series_status.dart
DA:6,1
DA:8,1
DA:9,2
LF:3
LH:3
end_of_record
SF:lib\domain\usecases\remove_watchlist_tv_series.dart
DA:10,1
DA:12,1
DA:13,2
LF:3
LH:3
end_of_record
SF:lib\domain\usecases\save_watchlist_tv_series.dart
DA:10,1
DA:12,1
DA:13,2
LF:3
LH:3
end_of_record
SF:lib\domain\usecases\search_tv_series.dart
DA:10,1
DA:12,1
DA:13,2
LF:3
LH:3
end_of_record
SF:lib\presentation\bloc\detail\detail_state.dart
DA:4,3
DA:6,1
DA:7,1
DA:17,2
DA:19,1
DA:20,2
DA:26,3
DA:28,1
DA:29,2
LF:9
LH:9
end_of_record
SF:lib\presentation\bloc\detail\detail_cubit.dart
DA:12,3
DA:14,1
DA:15,2
DA:17,2
DA:19,1
DA:20,1
DA:21,3
DA:23,1
DA:24,2
LF:9
LH:9
end_of_record
SF:lib\presentation\bloc\episode\episode_state.dart
DA:4,4
DA:6,1
DA:7,1
DA:17,3
DA:19,1
DA:20,2
DA:26,2
DA:28,1
DA:29,2
LF:9
LH:9
end_of_record
SF:lib\presentation\bloc\episode\episode_cubit.dart
DA:12,3
DA:14,1
DA:15,2
DA:17,2
DA:19,1
DA:20,1
DA:21,3
DA:23,1
DA:24,2
LF:9
LH:9
end_of_record
SF:lib\presentation\bloc\now_playing\now_playing_cubit.dart
DA:11,1
DA:12,2
DA:14,1
DA:15,2
DA:16,2
DA:18,1
DA:19,1
DA:20,3
DA:22,1
DA:23,2
LF:10
LH:10
end_of_record
SF:lib\presentation\bloc\now_playing\now_playing_state.dart
DA:4,6
DA:6,1
DA:7,1
DA:17,4
DA:19,1
DA:20,2
DA:26,3
DA:28,1
DA:29,2
LF:9
LH:9
end_of_record
SF:lib\presentation\bloc\popular\popular_state.dart
DA:4,6
DA:6,1
DA:7,1
DA:17,4
DA:19,1
DA:20,2
DA:26,3
DA:28,1
DA:29,2
LF:9
LH:9
end_of_record
SF:lib\presentation\bloc\popular\popular_cubit.dart
DA:12,3
DA:14,1
DA:15,2
DA:16,2
DA:18,1
DA:19,1
DA:20,3
DA:22,1
DA:23,2
LF:9
LH:9
end_of_record
SF:lib\presentation\bloc\recommendation\recommendation_cubit.dart
DA:11,1
DA:12,2
DA:14,1
DA:15,2
DA:17,2
DA:19,1
DA:20,1
DA:21,3
DA:23,1
DA:24,2
LF:10
LH:10
end_of_record
SF:lib\presentation\bloc\recommendation\recommendation_state.dart
DA:4,3
DA:6,1
DA:7,1
DA:17,2
DA:19,1
DA:20,2
DA:26,2
DA:28,1
DA:29,2
LF:9
LH:9
end_of_record
SF:lib\presentation\bloc\search\search_state.dart
DA:4,3
DA:6,1
DA:7,1
DA:17,2
DA:19,1
DA:20,2
DA:26,2
DA:28,1
DA:29,2
LF:9
LH:9
end_of_record
SF:lib\presentation\bloc\search\search_cubit.dart
DA:11,3
DA:13,1
DA:14,2
DA:15,2
DA:17,1
DA:18,1
DA:19,3
DA:21,1
DA:22,2
LF:9
LH:9
end_of_record
SF:lib\presentation\bloc\top_rated\top_rated_state.dart
DA:4,6
DA:6,1
DA:7,1
DA:17,4
DA:19,1
DA:20,2
DA:26,3
DA:28,1
DA:29,2
LF:9
LH:9
end_of_record
SF:lib\presentation\bloc\top_rated\top_rated_cubit.dart
DA:12,1
DA:13,2
DA:15,1
DA:16,2
DA:17,2
DA:19,1
DA:20,1
DA:21,3
DA:23,1
DA:24,2
LF:10
LH:10
end_of_record
SF:lib\presentation\bloc\watchlist\watchlist_cubit.dart
DA:21,1
DA:23,2
DA:25,1
DA:26,2
DA:27,2
DA:29,1
DA:30,1
DA:31,3
DA:33,1
DA:34,2
DA:39,1
DA:40,2
DA:43,1
DA:44,1
DA:46,2
DA:49,1
DA:50,2
DA:52,1
DA:53,1
DA:54,1
DA:55,2
DA:57,1
DA:58,1
DA:59,1
DA:64,1
DA:65,2
DA:67,1
DA:68,1
DA:69,1
DA:70,2
DA:72,1
DA:73,1
DA:74,1
LF:33
LH:33
end_of_record
SF:lib\presentation\bloc\watchlist\watchlist_state.dart
DA:4,42
DA:6,1
DA:7,1
DA:17,2
DA:19,1
DA:20,2
DA:26,2
DA:28,1
DA:29,2
DA:35,41
DA:37,1
DA:38,2
LF:12
LH:12
end_of_record
SF:lib\presentation\pages\episode_list_page.dart
DA:9,1
DA:12,1
DA:13,1
DA:17,1
DA:19,1
DA:20,1
DA:21,1
DA:22,5
DA:25,1
DA:27,1
DA:28,1
DA:29,1
DA:30,1
DA:34,1
DA:35,1
DA:36,1
DA:37,1
DA:38,1
DA:43,1
DA:44,1
DA:45,1
DA:47,1
DA:64,1
DA:66,1
DA:68,1
DA:71,2
DA:72,0
DA:73,0
DA:75,0
DA:77,0
DA:79,0
DA:80,0
DA:81,0
DA:87,0
DA:89,0
DA:90,0
DA:91,0
DA:94,0
DA:97,0
DA:98,0
DA:106,0
DA:111,0
DA:113,0
DA:115,0
DA:118,0
DA:121,0
LF:46
LH:26
end_of_record
SF:lib\presentation\pages\episode_page.dart
DA:13,1
DA:15,1
DA:16,1
DA:23,1
DA:25,1
DA:26,2
DA:28,4
DA:32,1
DA:34,1
DA:35,1
DA:39,1
DA:40,0
DA:46,1
DA:48,2
DA:51,1
DA:53,4
DA:54,1
DA:56,1
DA:58,1
DA:62,1
DA:63,1
DA:70,4
DA:71,0
DA:76,0
DA:77,0
DA:80,1
DA:84,1
DA:86,1
DA:87,4
DA:88,0
DA:89,0
DA:90,0
DA:92,1
LF:33
LH:26
end_of_record
SF:lib\presentation\pages\home_tv_series_page.dart
DA:22,1
DA:24,1
DA:25,1
DA:29,1
DA:31,1
DA:32,3
DA:33,3
DA:34,3
DA:37,1
DA:39,1
DA:40,1
DA:41,1
DA:43,1
DA:44,1
DA:45,0
DA:46,0
DA:52,1
DA:54,1
DA:55,1
DA:57,1
DA:58,1
DA:60,0
DA:63,1
DA:64,1
DA:65,1
DA:69,1
DA:70,2
DA:71,1
DA:72,1
DA:74,1
DA:75,1
DA:77,1
DA:91,1
DA:93,0
DA:96,1
DA:97,1
DA:98,1
DA:102,1
DA:103,2
DA:104,1
DA:105,1
DA:107,1
DA:108,1
DA:110,1
DA:124,1
DA:126,0
DA:129,1
DA:130,1
DA:131,1
DA:135,1
DA:136,2
DA:137,1
DA:138,1
DA:140,1
DA:141,1
DA:143,1
DA:164,1
DA:165,1
DA:167,1
DA:168,1
DA:170,1
DA:172,1
DA:174,1
DA:176,1
DA:189,1
DA:191,1
DA:193,1
DA:195,1
DA:197,0
DA:198,0
DA:199,0
DA:201,0
DA:202,0
DA:203,0
DA:206,0
DA:209,0
DA:211,0
DA:212,0
DA:213,0
DA:216,0
DA:222,2
LF:81
LH:64
end_of_record
SF:lib\presentation\widgets\drawer.dart
DA:7,1
DA:8,1
DA:9,1
DA:10,1
DA:18,1
DA:21,0
DA:22,0
DA:25,1
DA:28,0
DA:29,0
DA:32,1
DA:35,0
DA:36,0
DA:39,1
DA:42,0
DA:43,0
DA:46,1
DA:47,0
DA:48,0
LF:19
LH:9
end_of_record
SF:lib\presentation\pages\now_playing_tv_series_page.dart
DA:12,1
DA:14,1
DA:15,1
DA:19,1
DA:21,1
DA:22,3
DA:25,1
DA:27,1
DA:28,1
DA:31,1
DA:33,1
DA:34,1
DA:35,1
DA:39,1
DA:40,1
DA:41,0
DA:42,0
DA:43,0
DA:45,2
DA:47,1
DA:48,1
DA:50,2
LF:22
LH:19
end_of_record
SF:lib\presentation\pages\popular_tv_series_page.dart
DA:12,1
DA:14,1
DA:15,1
DA:19,1
DA:21,1
DA:22,3
DA:25,1
DA:27,1
DA:28,1
DA:31,1
DA:33,1
DA:34,1
DA:35,1
DA:39,1
DA:40,1
DA:41,0
DA:42,0
DA:43,0
DA:45,2
DA:47,1
DA:48,1
DA:50,2
LF:22
LH:19
end_of_record
SF:lib\presentation\pages\search_tv_series_page.dart
DA:13,1
DA:15,1
DA:17,1
DA:18,1
DA:21,1
DA:23,1
DA:25,1
DA:26,1
DA:27,0
DA:28,0
DA:38,1
DA:40,1
DA:42,1
DA:43,1
DA:44,1
DA:48,1
DA:49,1
DA:50,1
DA:51,1
DA:52,1
DA:54,1
DA:55,1
DA:56,1
DA:58,1
DA:69,0
DA:70,0
LF:26
LH:22
end_of_record
SF:lib\presentation\pages\top_rated_tv_series_page.dart
DA:12,1
DA:14,1
DA:15,1
DA:19,1
DA:21,1
DA:22,3
DA:25,1
DA:27,1
DA:28,1
DA:31,1
DA:33,1
DA:34,1
DA:35,1
DA:39,1
DA:40,1
DA:41,0
DA:42,0
DA:43,0
DA:45,2
DA:47,1
DA:48,1
DA:50,2
LF:22
LH:19
end_of_record
SF:lib\presentation\pages\tv_series_detail_page.dart
DA:20,1
DA:22,1
DA:23,1
DA:27,1
DA:29,1
DA:30,5
DA:31,5
DA:32,5
DA:35,1
DA:37,1
DA:38,1
DA:39,1
DA:40,1
DA:44,1
DA:45,1
DA:46,1
DA:47,1
DA:51,0
DA:52,0
DA:53,0
DA:69,1
DA:71,1
DA:73,3
DA:74,1
DA:75,1
DA:76,1
DA:77,3
DA:79,1
DA:82,0
DA:84,1
DA:86,1
DA:87,1
DA:88,1
DA:98,1
DA:99,1
DA:100,1
DA:102,1
DA:104,1
DA:106,1
DA:107,1
DA:108,2
DA:109,1
DA:111,1
DA:113,1
DA:114,1
DA:115,1
DA:116,1
DA:118,1
DA:121,1
DA:122,2
DA:125,0
DA:126,0
DA:130,1
DA:131,1
DA:133,1
DA:135,1
DA:137,1
DA:138,2
DA:139,1
DA:141,1
DA:143,1
DA:144,1
DA:145,1
DA:150,1
DA:152,1
DA:161,0
DA:165,1
DA:166,3
DA:168,1
DA:169,1
DA:170,1
DA:171,3
DA:173,1
DA:179,4
DA:183,1
DA:185,1
DA:187,1
DA:188,2
DA:191,1
DA:193,0
DA:196,0
DA:197,0
DA:198,0
DA:204,1
DA:206,1
DA:208,1
DA:210,1
DA:211,1
DA:215,1
DA:216,1
DA:218,1
DA:220,0
DA:221,0
DA:222,0
DA:224,0
DA:225,0
DA:226,0
DA:229,0
DA:232,0
DA:237,0
DA:239,0
DA:240,0
DA:246,0
DA:253,2
DA:256,0
DA:257,0
DA:259,0
DA:260,0
DA:277,1
DA:279,1
DA:292,1
DA:294,1
DA:297,1
DA:299,0
DA:300,0
DA:309,1
DA:311,2
DA:312,3
DA:315,1
DA:319,3
LF:120
LH:91
end_of_record
SF:lib\presentation\widgets\tv_series_card_list.dart
DA:11,2
DA:13,2
DA:15,2
DA:17,2
DA:18,0
DA:19,0
DA:22,0
DA:25,2
DA:27,2
DA:28,2
DA:29,2
DA:35,2
DA:37,2
DA:38,2
DA:39,4
DA:42,2
DA:45,2
DA:46,4
DA:54,2
DA:59,2
DA:61,2
DA:62,6
DA:64,2
DA:67,0
LF:24
LH:20
end_of_record
SF:lib\presentation\pages\watchlist_tv_series_page.dart
DA:13,1
DA:15,1
DA:16,1
DA:21,1
DA:23,1
DA:24,3
DA:27,1
DA:29,1
DA:30,4
DA:33,0
DA:35,0
DA:38,1
DA:40,1
DA:41,1
DA:44,1
DA:46,1
DA:47,1
DA:48,1
DA:52,1
DA:53,1
DA:54,1
DA:55,2
DA:56,1
DA:58,2
DA:60,0
DA:61,0
DA:63,0
DA:77,1
DA:79,2
DA:80,1
LF:30
LH:25
end_of_record
